Log file open, 09/09/19 16:07:10
LogWindows: Failed to load 'aqProf.dll' (GetLastError=126)
LogWindows: File 'aqProf.dll' does not exist
LogWindows: Failed to load 'VtuneApi.dll' (GetLastError=126)
LogWindows: File 'VtuneApi.dll' does not exist
LogWindows: Failed to load 'VtuneApi32e.dll' (GetLastError=126)
LogWindows: File 'VtuneApi32e.dll' does not exist
LogConsoleResponse: Display: Failed to find resolution value strings in scalability ini. Falling back to default.
LogInit: Display: Running engine for game: GAD172TemplateGame
LogPakFile: Registered encryption key '00000000000000000000000000000000': 0 pak files mounted, 0 remain pending
LogPlatformFile: Not using cached read wrapper
LogTaskGraph: Started task graph with 5 named threads and 23 total threads with 3 sets of task threads.
LogStats: Stats thread started at 0.287663
LogD3D11RHI: Loaded GFSDK_Aftermath_Lib.x64.dll
LogICUInternationalization: ICU TimeZone Detection - Raw Offset: +8:00, Platform Override: ''
LogPluginManager: Mounting plugin Paper2D
LogPluginManager: Mounting plugin AISupport
LogPluginManager: Mounting plugin LightPropagationVolume
LogPluginManager: Mounting plugin ActorLayerUtilities
LogPluginManager: Mounting plugin AnimationSharing
LogPluginManager: Mounting plugin CLionSourceCodeAccess
LogPluginManager: Mounting plugin CodeLiteSourceCodeAccess
LogPluginManager: Mounting plugin GitSourceControl
LogPluginManager: Mounting plugin KDevelopSourceCodeAccess
LogPluginManager: Mounting plugin NullSourceCodeAccess
LogPluginManager: Mounting plugin PerforceSourceControl
LogPluginManager: Mounting plugin SubversionSourceControl
LogPluginManager: Mounting plugin UObjectPlugin
LogPluginManager: Mounting plugin VisualStudioCodeSourceCodeAccess
LogPluginManager: Mounting plugin VisualStudioSourceCodeAccess
LogPluginManager: Mounting plugin XCodeSourceCodeAccess
LogPluginManager: Mounting plugin AssetManagerEditor
LogPluginManager: Mounting plugin CryptoKeys
LogPluginManager: Mounting plugin DataValidation
LogPluginManager: Mounting plugin FacialAnimation
LogPluginManager: Mounting plugin GameplayTagsEditor
LogPluginManager: Mounting plugin MacGraphicsSwitching
LogPluginManager: Mounting plugin MaterialAnalyzer
LogPluginManager: Mounting plugin MobileLauncherProfileWizard
LogPluginManager: Mounting plugin PluginBrowser
LogPluginManager: Mounting plugin SpeedTreeImporter
LogPluginManager: Mounting plugin DatasmithContent
LogPluginManager: Mounting plugin VariantManagerContent
LogPluginManager: Mounting plugin AlembicImporter
LogPluginManager: Mounting plugin AppleImageUtils
LogPluginManager: Mounting plugin AppleVision
LogPluginManager: Mounting plugin BackChannel
LogPluginManager: Mounting plugin CharacterAI
LogPluginManager: Mounting plugin GeometryCache
LogPluginManager: Mounting plugin HTML5Networking
LogPluginManager: Mounting plugin ProxyLODPlugin
LogPluginManager: Mounting plugin SkeletalReduction
LogPluginManager: Mounting plugin MagicLeap
LogPluginManager: Mounting plugin MagicLeapMedia
LogPluginManager: Mounting plugin AndroidMedia
LogPluginManager: Mounting plugin AvfMedia
LogPluginManager: Mounting plugin ImgMedia
LogPluginManager: Mounting plugin LinearTimecode
LogPluginManager: Mounting plugin MediaCompositing
LogPluginManager: Mounting plugin MediaPlayerEditor
LogPluginManager: Mounting plugin WebMMedia
LogPluginManager: Mounting plugin WmfMedia
LogPluginManager: Mounting plugin TcpMessaging
LogPluginManager: Mounting plugin UdpMessaging
LogPluginManager: Mounting plugin ActorSequence
LogPluginManager: Mounting plugin LevelSequenceEditor
LogPluginManager: Mounting plugin MatineeToLevelSequence
LogPluginManager: Mounting plugin NetcodeUnitTest
LogPluginManager: Mounting plugin NUTUnrealEngine4
LogPluginManager: Mounting plugin OnlineSubsystemGooglePlay
LogPluginManager: Mounting plugin OnlineSubsystemIOS
LogPluginManager: Mounting plugin OnlineSubsystem
LogPluginManager: Mounting plugin OnlineSubsystemNull
LogPluginManager: Mounting plugin OnlineSubsystemUtils
LogPluginManager: Mounting plugin LauncherChunkInstaller
LogPluginManager: Mounting plugin AndroidDeviceProfileSelector
LogPluginManager: Mounting plugin AndroidMoviePlayer
LogPluginManager: Mounting plugin AndroidPermission
LogPluginManager: Mounting plugin AppleMoviePlayer
LogPluginManager: Mounting plugin ArchVisCharacter
LogPluginManager: Mounting plugin AudioCapture
LogPluginManager: Mounting plugin CableComponent
LogPluginManager: Mounting plugin CustomMeshComponent
LogPluginManager: Mounting plugin EditableMesh
LogPluginManager: Mounting plugin ExampleDeviceProfileSelector
LogPluginManager: Mounting plugin Firebase
LogPluginManager: Mounting plugin GoogleCloudMessaging
LogPluginManager: Mounting plugin IOSDeviceProfileSelector
LogPluginManager: Mounting plugin LinuxDeviceProfileSelector
LogPluginManager: Mounting plugin LocationServicesBPLibrary
LogPluginManager: Mounting plugin MobilePatchingUtils
LogPluginManager: Mounting plugin OculusVR
LogPluginManager: Mounting plugin PhysXVehicles
LogPluginManager: Mounting plugin ProceduralMeshComponent
LogPluginManager: Mounting plugin RuntimePhysXCooking
LogPluginManager: Mounting plugin SignificanceManager
LogPluginManager: Mounting plugin SteamVR
LogPluginManager: Mounting plugin WebMMoviePlayer
LogPluginManager: Mounting plugin WindowsMoviePlayer
LogInit: Using libcurl 7.55.1-DEV
LogInit:  - built for x86_64-pc-win32
LogInit:  - supports SSL with OpenSSL/1.1.1
LogInit:  - supports HTTP deflate (compression) using libz 1.2.8
LogInit:  - other features:
LogInit:      CURL_VERSION_SSL
LogInit:      CURL_VERSION_LIBZ
LogInit:      CURL_VERSION_IPV6
LogInit:      CURL_VERSION_ASYNCHDNS
LogInit:      CURL_VERSION_LARGEFILE
LogInit:      CURL_VERSION_IDN
LogInit:  CurlRequestOptions (configurable via config and command line):
LogInit:  - bVerifyPeer = true  - Libcurl will verify peer certificate
LogInit:  - bUseHttpProxy = false  - Libcurl will NOT use HTTP proxy
LogInit:  - bDontReuseConnections = false  - Libcurl will reuse connections
LogInit:  - MaxHostConnections = 16  - Libcurl will limit the number of connections to a host
LogInit:  - LocalHostAddr = Default
LogInit:  - BufferSize = 65536
LogInit: WinSock: version 1.1 (2.2), MaxSocks=32767, MaxUdp=65467
LogInit: Build: ++UE4+Release-4.22-CL-7053642
LogInit: Engine Version: 4.22.3-7053642+++UE4+Release-4.22
LogInit: Compatible Engine Version: 4.22.0-5660361+++UE4+Release-4.22
LogInit: Net CL: 5660361
LogInit: OS: Windows 10 (Release 1809) (), CPU: Intel(R) Core(TM) i7-6700 CPU @ 3.40GHz, GPU: NVIDIA GeForce GTX 980
LogInit: Compiled (64-bit): Jun 18 2019 03:09:11
LogInit: Compiled with Visual C++: 19.16.27025.01
LogInit: Build Configuration: Development
LogInit: Branch Name: ++UE4+Release-4.22
LogInit: Command Line: 
LogInit: Base Directory: C:/Program Files/Epic Games/UE_4.22/Engine/Binaries/Win64/
LogInit: Installed Engine Build: 1
LogDevObjectVersion: Number of dev versions registered: 23
LogDevObjectVersion:   Dev-Blueprints (B0D832E4-1F89-4F0D-ACCF-7EB736FD4AA2): 10
LogDevObjectVersion:   Dev-Build (E1C64328-A22C-4D53-A36C-8E866417BD8C): 0
LogDevObjectVersion:   Dev-Core (375EC13C-06E4-48FB-B500-84F0262A717E): 3
LogDevObjectVersion:   Dev-Editor (E4B068ED-F494-42E9-A231-DA0B2E46BB41): 30
LogDevObjectVersion:   Dev-Framework (CFFC743F-43B0-4480-9391-14DF171D2073): 35
LogDevObjectVersion:   Dev-Mobile (B02B49B5-BB20-44E9-A304-32B752E40360): 2
LogDevObjectVersion:   Dev-Networking (A4E4105C-59A1-49B5-A7C5-40C4547EDFEE): 0
LogDevObjectVersion:   Dev-Online (39C831C9-5AE6-47DC-9A44-9C173E1C8E7C): 0
LogDevObjectVersion:   Dev-Physics (78F01B33-EBEA-4F98-B9B4-84EACCB95AA2): 0
LogDevObjectVersion:   Dev-Platform (6631380F-2D4D-43E0-8009-CF276956A95A): 0
LogDevObjectVersion:   Dev-Rendering (12F88B9F-8875-4AFC-A67C-D90C383ABD29): 28
LogDevObjectVersion:   Dev-Sequencer (7B5AE74C-D270-4C10-A958-57980B212A5A): 11
LogDevObjectVersion:   Dev-VR (D7296918-1DD6-4BDD-9DE2-64A83CC13884): 2
LogDevObjectVersion:   Dev-LoadTimes (C2A15278-BFE7-4AFE-6C17-90FF531DF755): 1
LogDevObjectVersion:   Private-Geometry (6EACA3D4-40EC-4CC1-B786-8BED09428FC5): 3
LogDevObjectVersion:   Dev-AnimPhys (29E575DD-E0A3-4627-9D10-D276232CDCEA): 17
LogDevObjectVersion:   Dev-Anim (AF43A65D-7FD3-4947-9873-3E8ED9C1BB05): 2
LogDevObjectVersion:   Dev-ReflectionCapture (6B266CEC-1EC7-4B8F-A30B-E4D90942FC07): 1
LogDevObjectVersion:   Dev-Automation (0DF73D61-A23F-47EA-B727-89E90C41499A): 1
LogDevObjectVersion:   FortniteMain (601D1886-AC64-4F84-AA16-D3DE0DEAC7D6): 25
LogDevObjectVersion:   Dev-Enterprise (9DFFBCD6-494F-0158-E221-12823C92A888): 6
LogDevObjectVersion:   Dev-Niagara (F2AED0AC-9AFE-416F-8664-AA7FFA26D6FC): 1
LogDevObjectVersion:   Dev-Destruction (174F1F0B-B4C6-45A5-B13F-2EE8D0FB917D): 2
LogInit: Presizing for max 16777216 objects, including 0 objects not considered by GC, pre-allocating 0 bytes for permanent pool.
LogInit: Object subsystem initialized
LogConfig: Setting CVar [[con.DebugEarlyDefault:1]]
LogConfig: Setting CVar [[r.setres:1280x720]]
[2019.09.09-08.07.10:756][  0]LogConfig: Setting CVar [[r.VSync:0]]
[2019.09.09-08.07.10:756][  0]LogConfig: Setting CVar [[r.RHICmdBypass:0]]
[2019.09.09-08.07.10:756][  0]LogConfig: Applying CVar settings from Section [/Script/Engine.RendererSettings] File [C:/Users/ewhitehead1/Desktop/GAD172TemplateGame/Saved/Config/Windows/Engine.ini]
[2019.09.09-08.07.10:756][  0]LogConfig: Setting CVar [[r.GPUCrashDebugging:0]]
[2019.09.09-08.07.10:756][  0]LogConfig: Applying CVar settings from Section [/Script/Engine.RendererOverrideSettings] File [C:/Users/ewhitehead1/Desktop/GAD172TemplateGame/Saved/Config/Windows/Engine.ini]
[2019.09.09-08.07.10:756][  0]LogConfig: Applying CVar settings from Section [/Script/Engine.StreamingSettings] File [C:/Users/ewhitehead1/Desktop/GAD172TemplateGame/Saved/Config/Windows/Engine.ini]
[2019.09.09-08.07.10:756][  0]LogConfig: Setting CVar [[s.MinBulkDataSizeForAsyncLoading:131072]]
[2019.09.09-08.07.10:756][  0]LogConfig: Setting CVar [[s.AsyncLoadingThreadEnabled:0]]
[2019.09.09-08.07.10:757][  0]LogConfig: Setting CVar [[s.EventDrivenLoaderEnabled:1]]
[2019.09.09-08.07.10:757][  0]LogConfig: Setting CVar [[s.WarnIfTimeLimitExceeded:0]]
[2019.09.09-08.07.10:757][  0]LogConfig: Setting CVar [[s.TimeLimitExceededMultiplier:1.5]]
[2019.09.09-08.07.10:757][  0]LogConfig: Setting CVar [[s.TimeLimitExceededMinTime:0.005]]
[2019.09.09-08.07.10:757][  0]LogConfig: Setting CVar [[s.UseBackgroundLevelStreaming:1]]
[2019.09.09-08.07.10:757][  0]LogConfig: Setting CVar [[s.PriorityAsyncLoadingExtraTime:15.0]]
[2019.09.09-08.07.10:757][  0]LogConfig: Setting CVar [[s.LevelStreamingActorsUpdateTimeLimit:5.0]]
[2019.09.09-08.07.10:757][  0]LogConfig: Setting CVar [[s.PriorityLevelStreamingActorsUpdateExtraTime:5.0]]
[2019.09.09-08.07.10:757][  0]LogConfig: Setting CVar [[s.LevelStreamingComponentsRegistrationGranularity:10]]
[2019.09.09-08.07.10:757][  0]LogConfig: Setting CVar [[s.UnregisterComponentsTimeLimit:1.0]]
[2019.09.09-08.07.10:757][  0]LogConfig: Setting CVar [[s.LevelStreamingComponentsUnregistrationGranularity:5]]
[2019.09.09-08.07.10:757][  0]LogConfig: Applying CVar settings from Section [/Script/Engine.GarbageCollectionSettings] File [C:/Users/ewhitehead1/Desktop/GAD172TemplateGame/Saved/Config/Windows/Engine.ini]
[2019.09.09-08.07.10:757][  0]LogConfig: Setting CVar [[gc.MaxObjectsNotConsideredByGC:1]]
[2019.09.09-08.07.10:757][  0]LogConfig: Setting CVar [[gc.SizeOfPermanentObjectPool:0]]
[2019.09.09-08.07.10:757][  0]LogConfig: Setting CVar [[gc.FlushStreamingOnGC:0]]
[2019.09.09-08.07.10:757][  0]LogConfig: Setting CVar [[gc.NumRetriesBeforeForcingGC:10]]
[2019.09.09-08.07.10:757][  0]LogConfig: Setting CVar [[gc.AllowParallelGC:1]]
[2019.09.09-08.07.10:757][  0]LogConfig: Setting CVar [[gc.TimeBetweenPurgingPendingKillObjects:61.1]]
[2019.09.09-08.07.10:757][  0]LogConfig: Setting CVar [[gc.MaxObjectsInEditor:16777216]]
[2019.09.09-08.07.10:757][  0]LogConfig: Setting CVar [[gc.IncrementalBeginDestroyEnabled:1]]
[2019.09.09-08.07.10:757][  0]LogConfig: Setting CVar [[gc.CreateGCClusters:1]]
[2019.09.09-08.07.10:757][  0]LogConfig: Setting CVar [[gc.MinGCClusterSize:5]]
[2019.09.09-08.07.10:757][  0]LogConfig: Setting CVar [[gc.ActorClusteringEnabled:0]]
[2019.09.09-08.07.10:757][  0]LogConfig: Setting CVar [[gc.BlueprintClusteringEnabled:0]]
[2019.09.09-08.07.10:757][  0]LogConfig: Setting CVar [[gc.UseDisregardForGCOnDedicatedServers:0]]
[2019.09.09-08.07.10:757][  0]LogConfig: Applying CVar settings from Section [/Script/Engine.NetworkSettings] File [C:/Users/ewhitehead1/Desktop/GAD172TemplateGame/Saved/Config/Windows/Engine.ini]
[2019.09.09-08.07.10:757][  0]LogConfig: Applying CVar settings from Section [/Script/UnrealEd.CookerSettings] File [C:/Users/ewhitehead1/Desktop/GAD172TemplateGame/Saved/Config/Windows/Engine.ini]
[2019.09.09-08.07.10:762][  0]LogConfig: Applying CVar settings from Section [ViewDistanceQuality@3] File [C:/Users/ewhitehead1/Desktop/GAD172TemplateGame/Saved/Config/Windows/Scalability.ini]
[2019.09.09-08.07.10:762][  0]LogConfig: Setting CVar [[r.SkeletalMeshLODBias:0]]
[2019.09.09-08.07.10:762][  0]LogConfig: Setting CVar [[r.ViewDistanceScale:1.0]]
[2019.09.09-08.07.10:762][  0]LogConfig: Applying CVar settings from Section [AntiAliasingQuality@3] File [C:/Users/ewhitehead1/Desktop/GAD172TemplateGame/Saved/Config/Windows/Scalability.ini]
[2019.09.09-08.07.10:762][  0]LogConfig: Setting CVar [[r.PostProcessAAQuality:4]]
[2019.09.09-08.07.10:762][  0]LogConfig: Applying CVar settings from Section [ShadowQuality@3] File [C:/Users/ewhitehead1/Desktop/GAD172TemplateGame/Saved/Config/Windows/Scalability.ini]
[2019.09.09-08.07.10:762][  0]LogConfig: Setting CVar [[r.LightFunctionQuality:1]]
[2019.09.09-08.07.10:762][  0]LogConfig: Setting CVar [[r.ShadowQuality:5]]
[2019.09.09-08.07.10:762][  0]LogConfig: Setting CVar [[r.Shadow.CSM.MaxCascades:10]]
[2019.09.09-08.07.10:762][  0]LogConfig: Setting CVar [[r.Shadow.MaxResolution:2048]]
[2019.09.09-08.07.10:762][  0]LogConfig: Setting CVar [[r.Shadow.MaxCSMResolution:2048]]
[2019.09.09-08.07.10:762][  0]LogConfig: Setting CVar [[r.Shadow.RadiusThreshold:0.01]]
[2019.09.09-08.07.10:762][  0]LogConfig: Setting CVar [[r.Shadow.DistanceScale:1.0]]
[2019.09.09-08.07.10:762][  0]LogConfig: Setting CVar [[r.Shadow.CSM.TransitionScale:1.0]]
[2019.09.09-08.07.10:762][  0]LogConfig: Setting CVar [[r.Shadow.PreShadowResolutionFactor:1.0]]
[2019.09.09-08.07.10:762][  0]LogConfig: Setting CVar [[r.DistanceFieldShadowing:1]]
[2019.09.09-08.07.10:762][  0]LogConfig: Setting CVar [[r.DistanceFieldAO:1]]
[2019.09.09-08.07.10:762][  0]LogConfig: Setting CVar [[r.AOQuality:2]]
[2019.09.09-08.07.10:762][  0]LogConfig: Setting CVar [[r.VolumetricFog:1]]
[2019.09.09-08.07.10:762][  0]LogConfig: Setting CVar [[r.VolumetricFog.GridPixelSize:8]]
[2019.09.09-08.07.10:762][  0]LogConfig: Setting CVar [[r.VolumetricFog.GridSizeZ:128]]
[2019.09.09-08.07.10:762][  0]LogConfig: Setting CVar [[r.VolumetricFog.HistoryMissSupersampleCount:4]]
[2019.09.09-08.07.10:762][  0]LogConfig: Setting CVar [[r.LightMaxDrawDistanceScale:1]]
[2019.09.09-08.07.10:762][  0]LogConfig: Setting CVar [[r.CapsuleShadows:1]]
[2019.09.09-08.07.10:762][  0]LogConfig: Applying CVar settings from Section [PostProcessQuality@3] File [C:/Users/ewhitehead1/Desktop/GAD172TemplateGame/Saved/Config/Windows/Scalability.ini]
[2019.09.09-08.07.10:762][  0]LogConfig: Setting CVar [[r.MotionBlurQuality:4]]
[2019.09.09-08.07.10:762][  0]LogConfig: Setting CVar [[r.AmbientOcclusionMipLevelFactor:0.4]]
[2019.09.09-08.07.10:762][  0]LogConfig: Setting CVar [[r.AmbientOcclusionMaxQuality:100]]
[2019.09.09-08.07.10:762][  0]LogConfig: Setting CVar [[r.AmbientOcclusionLevels:-1]]
[2019.09.09-08.07.10:762][  0]LogConfig: Setting CVar [[r.AmbientOcclusionRadiusScale:1.0]]
[2019.09.09-08.07.10:762][  0]LogConfig: Setting CVar [[r.DepthOfFieldQuality:2]]
[2019.09.09-08.07.10:762][  0]LogConfig: Setting CVar [[r.RenderTargetPoolMin:400]]
[2019.09.09-08.07.10:762][  0]LogConfig: Setting CVar [[r.LensFlareQuality:2]]
[2019.09.09-08.07.10:762][  0]LogConfig: Setting CVar [[r.SceneColorFringeQuality:1]]
[2019.09.09-08.07.10:762][  0]LogConfig: Setting CVar [[r.EyeAdaptationQuality:2]]
[2019.09.09-08.07.10:762][  0]LogConfig: Setting CVar [[r.BloomQuality:5]]
[2019.09.09-08.07.10:762][  0]LogConfig: Setting CVar [[r.FastBlurThreshold:100]]
[2019.09.09-08.07.10:762][  0]LogConfig: Setting CVar [[r.Upscale.Quality:3]]
[2019.09.09-08.07.10:762][  0]LogConfig: Setting CVar [[r.Tonemapper.GrainQuantization:1]]
[2019.09.09-08.07.10:762][  0]LogConfig: Setting CVar [[r.LightShaftQuality:1]]
[2019.09.09-08.07.10:762][  0]LogConfig: Setting CVar [[r.Filter.SizeScale:1]]
[2019.09.09-08.07.10:762][  0]LogConfig: Setting CVar [[r.Tonemapper.Quality:5]]
[2019.09.09-08.07.10:762][  0]LogConfig: Setting CVar [[r.DOF.Gather.AccumulatorQuality:1        ; higher gathering accumulator quality]]
[2019.09.09-08.07.10:762][  0]LogConfig: Setting CVar [[r.DOF.Gather.PostfilterMethod:1          ; Median3x3 postfilering method]]
[2019.09.09-08.07.10:762][  0]LogConfig: Setting CVar [[r.DOF.Gather.EnableBokehSettings:0       ; no bokeh simulation when gathering]]
[2019.09.09-08.07.10:762][  0]LogConfig: Setting CVar [[r.DOF.Gather.RingCount:4                 ; medium number of samples when gathering]]
[2019.09.09-08.07.10:763][  0]LogConfig: Setting CVar [[r.DOF.Scatter.ForegroundCompositing:1    ; additive foreground scattering]]
[2019.09.09-08.07.10:763][  0]LogConfig: Setting CVar [[r.DOF.Scatter.BackgroundCompositing:2    ; additive background scattering]]
[2019.09.09-08.07.10:763][  0]LogConfig: Setting CVar [[r.DOF.Scatter.EnableBokehSettings:1      ; bokeh simulation when scattering]]
[2019.09.09-08.07.10:763][  0]LogConfig: Setting CVar [[r.DOF.Scatter.MaxSpriteRatio:0.1         ; only a maximum of 10% of scattered bokeh]]
[2019.09.09-08.07.10:763][  0]LogConfig: Setting CVar [[r.DOF.Recombine.Quality:1                ; cheap slight out of focus]]
[2019.09.09-08.07.10:763][  0]LogConfig: Setting CVar [[r.DOF.Recombine.EnableBokehSettings:0    ; no bokeh simulation on slight out of focus]]
[2019.09.09-08.07.10:763][  0]LogConfig: Setting CVar [[r.DOF.TemporalAAQuality:1                ; more stable temporal accumulation]]
[2019.09.09-08.07.10:763][  0]LogConfig: Setting CVar [[r.DOF.Kernel.MaxForegroundRadius:0.025]]
[2019.09.09-08.07.10:763][  0]LogConfig: Setting CVar [[r.DOF.Kernel.MaxBackgroundRadius:0.025]]
[2019.09.09-08.07.10:763][  0]LogConfig: Applying CVar settings from Section [TextureQuality@3] File [C:/Users/ewhitehead1/Desktop/GAD172TemplateGame/Saved/Config/Windows/Scalability.ini]
[2019.09.09-08.07.10:763][  0]LogConfig: Setting CVar [[r.Streaming.MipBias:0]]
[2019.09.09-08.07.10:763][  0]LogConfig: Setting CVar [[r.Streaming.AmortizeCPUToGPUCopy:0]]
[2019.09.09-08.07.10:763][  0]LogConfig: Setting CVar [[r.Streaming.MaxNumTexturesToStreamPerFrame:0]]
[2019.09.09-08.07.10:763][  0]LogConfig: Setting CVar [[r.Streaming.Boost:1]]
[2019.09.09-08.07.10:763][  0]LogConfig: Setting CVar [[r.MaxAnisotropy:8]]
[2019.09.09-08.07.10:763][  0]LogConfig: Setting CVar [[r.Streaming.LimitPoolSizeToVRAM:0]]
[2019.09.09-08.07.10:763][  0]LogConfig: Setting CVar [[r.Streaming.PoolSize:1000]]
[2019.09.09-08.07.10:763][  0]LogConfig: Setting CVar [[r.Streaming.MaxEffectiveScreenSize:0]]
[2019.09.09-08.07.10:763][  0]LogConfig: Applying CVar settings from Section [EffectsQuality@3] File [C:/Users/ewhitehead1/Desktop/GAD172TemplateGame/Saved/Config/Windows/Scalability.ini]
[2019.09.09-08.07.10:763][  0]LogConfig: Setting CVar [[r.TranslucencyLightingVolumeDim:64]]
[2019.09.09-08.07.10:763][  0]LogConfig: Setting CVar [[r.RefractionQuality:2]]
[2019.09.09-08.07.10:763][  0]LogConfig: Setting CVar [[r.SSR.Quality:3]]
[2019.09.09-08.07.10:763][  0]LogConfig: Setting CVar [[r.SceneColorFormat:4]]
[2019.09.09-08.07.10:763][  0]LogConfig: Setting CVar [[r.DetailMode:2]]
[2019.09.09-08.07.10:763][  0]LogConfig: Setting CVar [[r.TranslucencyVolumeBlur:1]]
[2019.09.09-08.07.10:763][  0]LogConfig: Setting CVar [[r.MaterialQualityLevel:1 ; High quality]]
[2019.09.09-08.07.10:763][  0]LogConfig: Setting CVar [[r.SSS.Scale:1]]
[2019.09.09-08.07.10:763][  0]LogConfig: Setting CVar [[r.SSS.SampleSet:2]]
[2019.09.09-08.07.10:763][  0]LogConfig: Setting CVar [[r.SSS.Quality:1]]
[2019.09.09-08.07.10:763][  0]LogConfig: Setting CVar [[r.SSS.HalfRes:1]]
[2019.09.09-08.07.10:763][  0]LogConfig: Setting CVar [[r.EmitterSpawnRateScale:1.0]]
[2019.09.09-08.07.10:763][  0]LogConfig: Setting CVar [[r.ParticleLightQuality:2]]
[2019.09.09-08.07.10:763][  0]LogConfig: Applying CVar settings from Section [FoliageQuality@3] File [C:/Users/ewhitehead1/Desktop/GAD172TemplateGame/Saved/Config/Windows/Scalability.ini]
[2019.09.09-08.07.10:763][  0]LogConfig: Setting CVar [[foliage.DensityScale:1.0]]
[2019.09.09-08.07.10:763][  0]LogConfig: Setting CVar [[grass.DensityScale:1.0]]
[2019.09.09-08.07.10:763][  0]LogInit: Selected Device Profile: [Windows]
[2019.09.09-08.07.10:763][  0]LogInit: Applying CVar settings loaded from the selected device profile: [Windows]
[2019.09.09-08.07.10:773][  0]LogHAL: Display: Platform has ~ 32 GB [34270765056 / 34359738368 / 32], which maps to Largest [LargestMinGB=32, LargerMinGB=12, DefaultMinGB=8, SmallerMinGB=6, SmallestMinGB=0)
[2019.09.09-08.07.10:773][  0]LogConfig: Setting CVar [[r.Vulkan.UseRealUBs:0		; Required until we fix HLR fall-out]]
[2019.09.09-08.07.10:773][  0]LogInit: Going up to parent DeviceProfile []
[2019.09.09-08.07.10:773][  0]LogConfig: Applying CVar settings from Section [ViewDistanceQuality@3] File [C:/Users/ewhitehead1/Desktop/GAD172TemplateGame/Saved/Config/Windows/Scalability.ini]
[2019.09.09-08.07.10:773][  0]LogConfig: Setting CVar [[r.SkeletalMeshLODBias:0]]
[2019.09.09-08.07.10:773][  0]LogConfig: Setting CVar [[r.ViewDistanceScale:1.0]]
[2019.09.09-08.07.10:773][  0]LogConfig: Applying CVar settings from Section [AntiAliasingQuality@3] File [C:/Users/ewhitehead1/Desktop/GAD172TemplateGame/Saved/Config/Windows/Scalability.ini]
[2019.09.09-08.07.10:774][  0]LogConfig: Setting CVar [[r.PostProcessAAQuality:4]]
[2019.09.09-08.07.10:774][  0]LogConfig: Applying CVar settings from Section [ShadowQuality@3] File [C:/Users/ewhitehead1/Desktop/GAD172TemplateGame/Saved/Config/Windows/Scalability.ini]
[2019.09.09-08.07.10:774][  0]LogConfig: Setting CVar [[r.LightFunctionQuality:1]]
[2019.09.09-08.07.10:774][  0]LogConfig: Setting CVar [[r.ShadowQuality:5]]
[2019.09.09-08.07.10:774][  0]LogConfig: Setting CVar [[r.Shadow.CSM.MaxCascades:10]]
[2019.09.09-08.07.10:774][  0]LogConfig: Setting CVar [[r.Shadow.MaxResolution:2048]]
[2019.09.09-08.07.10:774][  0]LogConfig: Setting CVar [[r.Shadow.MaxCSMResolution:2048]]
[2019.09.09-08.07.10:774][  0]LogConfig: Setting CVar [[r.Shadow.RadiusThreshold:0.01]]
[2019.09.09-08.07.10:774][  0]LogConfig: Setting CVar [[r.Shadow.DistanceScale:1.0]]
[2019.09.09-08.07.10:774][  0]LogConfig: Setting CVar [[r.Shadow.CSM.TransitionScale:1.0]]
[2019.09.09-08.07.10:774][  0]LogConfig: Setting CVar [[r.Shadow.PreShadowResolutionFactor:1.0]]
[2019.09.09-08.07.10:774][  0]LogConfig: Setting CVar [[r.DistanceFieldShadowing:1]]
[2019.09.09-08.07.10:774][  0]LogConfig: Setting CVar [[r.DistanceFieldAO:1]]
[2019.09.09-08.07.10:774][  0]LogConfig: Setting CVar [[r.AOQuality:2]]
[2019.09.09-08.07.10:774][  0]LogConfig: Setting CVar [[r.VolumetricFog:1]]
[2019.09.09-08.07.10:774][  0]LogConfig: Setting CVar [[r.VolumetricFog.GridPixelSize:8]]
[2019.09.09-08.07.10:774][  0]LogConfig: Setting CVar [[r.VolumetricFog.GridSizeZ:128]]
[2019.09.09-08.07.10:774][  0]LogConfig: Setting CVar [[r.VolumetricFog.HistoryMissSupersampleCount:4]]
[2019.09.09-08.07.10:774][  0]LogConfig: Setting CVar [[r.LightMaxDrawDistanceScale:1]]
[2019.09.09-08.07.10:774][  0]LogConfig: Setting CVar [[r.CapsuleShadows:1]]
[2019.09.09-08.07.10:774][  0]LogConfig: Applying CVar settings from Section [PostProcessQuality@3] File [C:/Users/ewhitehead1/Desktop/GAD172TemplateGame/Saved/Config/Windows/Scalability.ini]
[2019.09.09-08.07.10:774][  0]LogConfig: Setting CVar [[r.MotionBlurQuality:4]]
[2019.09.09-08.07.10:774][  0]LogConfig: Setting CVar [[r.AmbientOcclusionMipLevelFactor:0.4]]
[2019.09.09-08.07.10:774][  0]LogConfig: Setting CVar [[r.AmbientOcclusionMaxQuality:100]]
[2019.09.09-08.07.10:774][  0]LogConfig: Setting CVar [[r.AmbientOcclusionLevels:-1]]
[2019.09.09-08.07.10:774][  0]LogConfig: Setting CVar [[r.AmbientOcclusionRadiusScale:1.0]]
[2019.09.09-08.07.10:774][  0]LogConfig: Setting CVar [[r.DepthOfFieldQuality:2]]
[2019.09.09-08.07.10:774][  0]LogConfig: Setting CVar [[r.RenderTargetPoolMin:400]]
[2019.09.09-08.07.10:774][  0]LogConfig: Setting CVar [[r.LensFlareQuality:2]]
[2019.09.09-08.07.10:774][  0]LogConfig: Setting CVar [[r.SceneColorFringeQuality:1]]
[2019.09.09-08.07.10:774][  0]LogConfig: Setting CVar [[r.EyeAdaptationQuality:2]]
[2019.09.09-08.07.10:774][  0]LogConfig: Setting CVar [[r.BloomQuality:5]]
[2019.09.09-08.07.10:774][  0]LogConfig: Setting CVar [[r.FastBlurThreshold:100]]
[2019.09.09-08.07.10:774][  0]LogConfig: Setting CVar [[r.Upscale.Quality:3]]
[2019.09.09-08.07.10:774][  0]LogConfig: Setting CVar [[r.Tonemapper.GrainQuantization:1]]
[2019.09.09-08.07.10:774][  0]LogConfig: Setting CVar [[r.LightShaftQuality:1]]
[2019.09.09-08.07.10:774][  0]LogConfig: Setting CVar [[r.Filter.SizeScale:1]]
[2019.09.09-08.07.10:774][  0]LogConfig: Setting CVar [[r.Tonemapper.Quality:5]]
[2019.09.09-08.07.10:774][  0]LogConfig: Setting CVar [[r.DOF.Gather.AccumulatorQuality:1        ; higher gathering accumulator quality]]
[2019.09.09-08.07.10:774][  0]LogConfig: Setting CVar [[r.DOF.Gather.PostfilterMethod:1          ; Median3x3 postfilering method]]
[2019.09.09-08.07.10:774][  0]LogConfig: Setting CVar [[r.DOF.Gather.EnableBokehSettings:0       ; no bokeh simulation when gathering]]
[2019.09.09-08.07.10:774][  0]LogConfig: Setting CVar [[r.DOF.Gather.RingCount:4                 ; medium number of samples when gathering]]
[2019.09.09-08.07.10:774][  0]LogConfig: Setting CVar [[r.DOF.Scatter.ForegroundCompositing:1    ; additive foreground scattering]]
[2019.09.09-08.07.10:774][  0]LogConfig: Setting CVar [[r.DOF.Scatter.BackgroundCompositing:2    ; additive background scattering]]
[2019.09.09-08.07.10:774][  0]LogConfig: Setting CVar [[r.DOF.Scatter.EnableBokehSettings:1      ; bokeh simulation when scattering]]
[2019.09.09-08.07.10:774][  0]LogConfig: Setting CVar [[r.DOF.Scatter.MaxSpriteRatio:0.1         ; only a maximum of 10% of scattered bokeh]]
[2019.09.09-08.07.10:774][  0]LogConfig: Setting CVar [[r.DOF.Recombine.Quality:1                ; cheap slight out of focus]]
[2019.09.09-08.07.10:774][  0]LogConfig: Setting CVar [[r.DOF.Recombine.EnableBokehSettings:0    ; no bokeh simulation on slight out of focus]]
[2019.09.09-08.07.10:774][  0]LogConfig: Setting CVar [[r.DOF.TemporalAAQuality:1                ; more stable temporal accumulation]]
[2019.09.09-08.07.10:774][  0]LogConfig: Setting CVar [[r.DOF.Kernel.MaxForegroundRadius:0.025]]
[2019.09.09-08.07.10:774][  0]LogConfig: Setting CVar [[r.DOF.Kernel.MaxBackgroundRadius:0.025]]
[2019.09.09-08.07.10:774][  0]LogConfig: Applying CVar settings from Section [TextureQuality@3] File [C:/Users/ewhitehead1/Desktop/GAD172TemplateGame/Saved/Config/Windows/Scalability.ini]
[2019.09.09-08.07.10:774][  0]LogConfig: Setting CVar [[r.Streaming.MipBias:0]]
[2019.09.09-08.07.10:774][  0]LogConfig: Setting CVar [[r.Streaming.AmortizeCPUToGPUCopy:0]]
[2019.09.09-08.07.10:774][  0]LogConfig: Setting CVar [[r.Streaming.MaxNumTexturesToStreamPerFrame:0]]
[2019.09.09-08.07.10:774][  0]LogConfig: Setting CVar [[r.Streaming.Boost:1]]
[2019.09.09-08.07.10:774][  0]LogConfig: Setting CVar [[r.MaxAnisotropy:8]]
[2019.09.09-08.07.10:774][  0]LogConfig: Setting CVar [[r.Streaming.LimitPoolSizeToVRAM:0]]
[2019.09.09-08.07.10:774][  0]LogConfig: Setting CVar [[r.Streaming.PoolSize:1000]]
[2019.09.09-08.07.10:774][  0]LogConfig: Setting CVar [[r.Streaming.MaxEffectiveScreenSize:0]]
[2019.09.09-08.07.10:774][  0]LogConfig: Applying CVar settings from Section [EffectsQuality@3] File [C:/Users/ewhitehead1/Desktop/GAD172TemplateGame/Saved/Config/Windows/Scalability.ini]
[2019.09.09-08.07.10:774][  0]LogConfig: Setting CVar [[r.TranslucencyLightingVolumeDim:64]]
[2019.09.09-08.07.10:774][  0]LogConfig: Setting CVar [[r.RefractionQuality:2]]
[2019.09.09-08.07.10:774][  0]LogConfig: Setting CVar [[r.SSR.Quality:3]]
[2019.09.09-08.07.10:774][  0]LogConfig: Setting CVar [[r.SceneColorFormat:4]]
[2019.09.09-08.07.10:774][  0]LogConfig: Setting CVar [[r.DetailMode:2]]
[2019.09.09-08.07.10:774][  0]LogConfig: Setting CVar [[r.TranslucencyVolumeBlur:1]]
[2019.09.09-08.07.10:774][  0]LogConfig: Setting CVar [[r.MaterialQualityLevel:1 ; High quality]]
[2019.09.09-08.07.10:774][  0]LogConfig: Setting CVar [[r.SSS.Scale:1]]
[2019.09.09-08.07.10:774][  0]LogConfig: Setting CVar [[r.SSS.SampleSet:2]]
[2019.09.09-08.07.10:774][  0]LogConfig: Setting CVar [[r.SSS.Quality:1]]
[2019.09.09-08.07.10:774][  0]LogConfig: Setting CVar [[r.SSS.HalfRes:1]]
[2019.09.09-08.07.10:774][  0]LogConfig: Setting CVar [[r.EmitterSpawnRateScale:1.0]]
[2019.09.09-08.07.10:774][  0]LogConfig: Setting CVar [[r.ParticleLightQuality:2]]
[2019.09.09-08.07.10:774][  0]LogConfig: Applying CVar settings from Section [FoliageQuality@3] File [C:/Users/ewhitehead1/Desktop/GAD172TemplateGame/Saved/Config/Windows/Scalability.ini]
[2019.09.09-08.07.10:774][  0]LogConfig: Setting CVar [[foliage.DensityScale:1.0]]
[2019.09.09-08.07.10:774][  0]LogConfig: Setting CVar [[grass.DensityScale:1.0]]
[2019.09.09-08.07.10:774][  0]LogConfig: Applying CVar settings from Section [Startup] File [../../../Engine/Config/ConsoleVariables.ini]
[2019.09.09-08.07.10:775][  0]LogConfig: Setting CVar [[net.UseAdaptiveNetUpdateFrequency:0]]
[2019.09.09-08.07.10:775][  0]LogConfig: Setting CVar [[p.chaos.AllowCreatePhysxBodies:1]]
[2019.09.09-08.07.10:775][  0]LogConfig: Applying CVar settings from Section [ConsoleVariables] File [C:/Users/ewhitehead1/Desktop/GAD172TemplateGame/Saved/Config/Windows/Engine.ini]
[2019.09.09-08.07.10:775][  0]LogInit: Computer: MEL-108-2604W
[2019.09.09-08.07.10:775][  0]LogInit: User: ewhitehead1
[2019.09.09-08.07.10:775][  0]LogInit: CPU Page size=4096, Cores=4
[2019.09.09-08.07.10:775][  0]LogInit: High frequency timer resolution =10.000000 MHz
[2019.09.09-08.07.10:775][  0]LogMemory: Memory total: Physical=31.9GB (32GB approx)
[2019.09.09-08.07.10:775][  0]LogMemory: Platform Memory Stats for Windows
[2019.09.09-08.07.10:775][  0]LogMemory: Process Physical Memory: 97.12 MB used, 97.12 MB peak
[2019.09.09-08.07.10:775][  0]LogMemory: Process Virtual Memory: 92.74 MB used, 92.74 MB peak
[2019.09.09-08.07.10:775][  0]LogMemory: Physical Memory: 6044.93 MB used,  26638.21 MB free, 32683.15 MB total
[2019.09.09-08.07.10:775][  0]LogMemory: Virtual Memory: 4660.40 MB used,  134213064.00 MB free, 134217728.00 MB total
[2019.09.09-08.07.10:798][  0]LogInit: Using OS detected language (en-US).
[2019.09.09-08.07.10:798][  0]LogInit: Using OS detected locale (en-AU).
[2019.09.09-08.07.10:799][  0]LogTextLocalizationManager: No specific localization for 'en-US' exists, so the 'en' localization will be used.
[2019.09.09-08.07.10:954][  0]LogInit: Setting process to per monitor DPI aware
[2019.09.09-08.07.10:993][  0]LogSlate: New Slate User Created.  User Index 0, Is Virtual User: 0
[2019.09.09-08.07.10:993][  0]LogSlate: Slate User Registered.  User Index 0, Is Virtual User: 0
[2019.09.09-08.07.11:180][  0]LogHMD: Failed to initialize OpenVR with code 110
[2019.09.09-08.07.11:180][  0]LogD3D11RHI: D3D11 adapters:
[2019.09.09-08.07.11:247][  0]LogD3D11RHI:    0. 'NVIDIA GeForce GTX 980' (Feature Level 11_0)
[2019.09.09-08.07.11:247][  0]LogD3D11RHI:       4053/0/16341 MB DedicatedVideo/DedicatedSystem/SharedSystem, Outputs:1, VendorId:0x10de
[2019.09.09-08.07.11:248][  0]LogD3D11RHI:    1. 'Microsoft Basic Render Driver' (Feature Level 11_0)
[2019.09.09-08.07.11:248][  0]LogD3D11RHI:       0/0/16341 MB DedicatedVideo/DedicatedSystem/SharedSystem, Outputs:0, VendorId:0x1414
[2019.09.09-08.07.11:248][  0]LogD3D11RHI: Chosen D3D11 Adapter: 0
[2019.09.09-08.07.11:256][  0]LogD3D11RHI: Creating new Direct3DDevice
[2019.09.09-08.07.11:256][  0]LogD3D11RHI:     GPU DeviceId: 0x13c0 (for the marketing name, search the web for "GPU Device Id")
[2019.09.09-08.07.11:256][  0]LogWindows: EnumDisplayDevices:
[2019.09.09-08.07.11:257][  0]LogWindows:    0. 'NVIDIA GeForce GTX 980' (P:1 D:1)
[2019.09.09-08.07.11:257][  0]LogWindows:    1. 'NVIDIA GeForce GTX 980' (P:0 D:0)
[2019.09.09-08.07.11:257][  0]LogWindows:    2. 'NVIDIA GeForce GTX 980' (P:0 D:0)
[2019.09.09-08.07.11:257][  0]LogWindows:    3. 'NVIDIA GeForce GTX 980' (P:0 D:0)
[2019.09.09-08.07.11:257][  0]LogWindows: DebugString: FoundDriverCount:4 
[2019.09.09-08.07.11:257][  0]LogD3D11RHI:     Adapter Name: NVIDIA GeForce GTX 980
[2019.09.09-08.07.11:257][  0]LogD3D11RHI:   Driver Version: 431.60 (internal:26.21.14.3160, unified:431.60)
[2019.09.09-08.07.11:257][  0]LogD3D11RHI:      Driver Date: 7-17-2019
[2019.09.09-08.07.11:257][  0]LogRHI: Texture pool is 2837 MB (70% of 4053 MB)
[2019.09.09-08.07.11:302][  0]LogD3D11RHI: Async texture creation enabled
[2019.09.09-08.07.11:306][  0]LogRendererCore: FGlobalReadBuffer::InitRHI
[2019.09.09-08.07.11:307][  0]LogRendererCore: FGlobalReadBuffer::InitRHI
[2019.09.09-08.07.11:307][  0]LogRendererCore: FGlobalReadBuffer::InitRHI
[2019.09.09-08.07.11:315][  0]LogD3D11RHI: GPU Timing Frequency: 1000.000000 (Debug: 2 1)
[2019.09.09-08.07.11:768][  0]LogTemp: Display: Module 'AllDesktopTargetPlatform' loaded TargetPlatform 'AllDesktop'
[2019.09.09-08.07.11:783][  0]LogTemp: Display: Module 'MacClientTargetPlatform' loaded TargetPlatform 'MacClient'
[2019.09.09-08.07.11:797][  0]LogTemp: Display: Module 'MacNoEditorTargetPlatform' loaded TargetPlatform 'MacNoEditor'
[2019.09.09-08.07.11:811][  0]LogTemp: Display: Module 'MacServerTargetPlatform' loaded TargetPlatform 'MacServer'
[2019.09.09-08.07.11:826][  0]LogTemp: Display: Module 'MacTargetPlatform' loaded TargetPlatform 'Mac'
[2019.09.09-08.07.11:840][  0]LogTemp: Display: Module 'WindowsClientTargetPlatform' loaded TargetPlatform 'WindowsClient'
[2019.09.09-08.07.11:854][  0]LogTemp: Display: Module 'WindowsNoEditorTargetPlatform' loaded TargetPlatform 'WindowsNoEditor'
[2019.09.09-08.07.11:871][  0]LogTemp: Display: Module 'WindowsServerTargetPlatform' loaded TargetPlatform 'WindowsServer'
[2019.09.09-08.07.11:879][  0]LogTemp: Display: Module 'WindowsTargetPlatform' loaded TargetPlatform 'Windows'
[2019.09.09-08.07.11:977][  0]LogTemp: Display: Module 'AndroidTargetPlatform' loaded TargetPlatform 'Android'
[2019.09.09-08.07.11:977][  0]LogTemp: Display: Module 'AndroidTargetPlatform' loaded TargetPlatform 'Android_ASTC'
[2019.09.09-08.07.11:977][  0]LogTemp: Display: Module 'AndroidTargetPlatform' loaded TargetPlatform 'Android_ATC'
[2019.09.09-08.07.11:977][  0]LogTemp: Display: Module 'AndroidTargetPlatform' loaded TargetPlatform 'Android_DXT'
[2019.09.09-08.07.11:977][  0]LogTemp: Display: Module 'AndroidTargetPlatform' loaded TargetPlatform 'Android_ETC1'
[2019.09.09-08.07.11:977][  0]LogTemp: Display: Module 'AndroidTargetPlatform' loaded TargetPlatform 'Android_ETC1a'
[2019.09.09-08.07.11:977][  0]LogTemp: Display: Module 'AndroidTargetPlatform' loaded TargetPlatform 'Android_ETC2'
[2019.09.09-08.07.11:977][  0]LogTemp: Display: Module 'AndroidTargetPlatform' loaded TargetPlatform 'Android_PVRTC'
[2019.09.09-08.07.11:977][  0]LogTemp: Display: Module 'AndroidTargetPlatform' loaded TargetPlatform 'AndroidClient'
[2019.09.09-08.07.11:977][  0]LogTemp: Display: Module 'AndroidTargetPlatform' loaded TargetPlatform 'Android_ASTCClient'
[2019.09.09-08.07.11:977][  0]LogTemp: Display: Module 'AndroidTargetPlatform' loaded TargetPlatform 'Android_ATCClient'
[2019.09.09-08.07.11:977][  0]LogTemp: Display: Module 'AndroidTargetPlatform' loaded TargetPlatform 'Android_DXTClient'
[2019.09.09-08.07.11:977][  0]LogTemp: Display: Module 'AndroidTargetPlatform' loaded TargetPlatform 'Android_ETC1Client'
[2019.09.09-08.07.11:977][  0]LogTemp: Display: Module 'AndroidTargetPlatform' loaded TargetPlatform 'Android_ETC1aClient'
[2019.09.09-08.07.11:977][  0]LogTemp: Display: Module 'AndroidTargetPlatform' loaded TargetPlatform 'Android_ETC2Client'
[2019.09.09-08.07.11:977][  0]LogTemp: Display: Module 'AndroidTargetPlatform' loaded TargetPlatform 'Android_PVRTCClient'
[2019.09.09-08.07.11:977][  0]LogTemp: Display: Module 'AndroidTargetPlatform' loaded TargetPlatform 'Android_Multi'
[2019.09.09-08.07.11:977][  0]LogTemp: Display: Module 'AndroidTargetPlatform' loaded TargetPlatform 'Android_MultiClient'
[2019.09.09-08.07.11:980][  0]LogTemp: Display: Module 'HTML5TargetPlatform' loaded TargetPlatform 'HTML5'
[2019.09.09-08.07.12:031][  0]LogTemp: Display: Module 'IOSTargetPlatform' loaded TargetPlatform 'IOSClient'
[2019.09.09-08.07.12:031][  0]LogTemp: Display: Module 'IOSTargetPlatform' loaded TargetPlatform 'IOS'
[2019.09.09-08.07.12:055][  0]LogTemp: Display: Module 'TVOSTargetPlatform' loaded TargetPlatform 'TVOSClient'
[2019.09.09-08.07.12:055][  0]LogTemp: Display: Module 'TVOSTargetPlatform' loaded TargetPlatform 'TVOS'
[2019.09.09-08.07.12:069][  0]LogTemp: Display: Module 'LinuxClientTargetPlatform' loaded TargetPlatform 'LinuxClient'
[2019.09.09-08.07.12:081][  0]LogTemp: Display: Module 'LinuxNoEditorTargetPlatform' loaded TargetPlatform 'LinuxNoEditor'
[2019.09.09-08.07.12:094][  0]LogTemp: Display: Module 'LinuxServerTargetPlatform' loaded TargetPlatform 'LinuxServer'
[2019.09.09-08.07.12:108][  0]LogTemp: Display: Module 'LinuxTargetPlatform' loaded TargetPlatform 'Linux'
[2019.09.09-08.07.12:154][  0]LogTemp: Display: Module 'LuminTargetPlatform' loaded TargetPlatform 'Lumin'
[2019.09.09-08.07.12:154][  0]LogTemp: Display: Module 'LuminTargetPlatform' loaded TargetPlatform 'LuminClient'
[2019.09.09-08.07.12:154][  0]LogTargetPlatformManager: Display: Building Assets For Windows
[2019.09.09-08.07.12:165][  0]LogAudioDebug: Display: Lib vorbis DLL was dynamically loaded.
[2019.09.09-08.07.12:227][  0]LogShaderCompilers: Guid format shader working directory is -11 characters bigger than the processId version (../../../../../../Users/ewhitehead1/Desktop/GAD172TemplateGame/Intermediate/Shaders/WorkingDirectory/19852/).
[2019.09.09-08.07.12:228][  0]LogShaderCompilers: Cleaned the shader compiler working directory 'C:/Users/ewhitehead1/AppData/Local/Temp/UnrealShaderWorkingDir/228AAFEB4D6BAF27BBFCADAA3517B3B1/'.
[2019.09.09-08.07.12:231][  0]LogXGEController: Cleaning working directory: C:/Users/ewhitehead1/AppData/Local/Temp/UnrealXGEWorkingDir/
[2019.09.09-08.07.12:231][  0]LogXGEController: Cannot use XGE Controller as Incredibuild is not installed on this machine.
[2019.09.09-08.07.12:231][  0]LogShaderCompilers: Cannot use XGE Shader Compiler as Incredibuild is not installed on this machine.
[2019.09.09-08.07.12:231][  0]LogShaderCompilers: Display: Using Local Shader Compiler.
[2019.09.09-08.07.12:783][  0]LogDerivedDataCache: Display: Max Cache Size: 512 MB
[2019.09.09-08.07.12:832][  0]LogDerivedDataCache: Loaded boot cache 0.05s 73MB C:/Users/ewhitehead1/AppData/Local/UnrealEngine/4.22/DerivedDataCache/Boot.ddc.
[2019.09.09-08.07.12:832][  0]LogDerivedDataCache: Display: Loaded Boot cache: C:/Users/ewhitehead1/AppData/Local/UnrealEngine/4.22/DerivedDataCache/Boot.ddc
[2019.09.09-08.07.12:832][  0]LogDerivedDataCache: FDerivedDataBackendGraph:  Pak pak cache file ../../../../../../Users/ewhitehead1/Desktop/GAD172TemplateGame/DerivedDataCache/DDC.ddp not found, will not use a pak cache.
[2019.09.09-08.07.12:832][  0]LogDerivedDataCache: Unable to find inner node Pak for hierarchical cache Hierarchy.
[2019.09.09-08.07.12:832][  0]LogDerivedDataCache: FDerivedDataBackendGraph:  CompressedPak pak cache file ../../../../../../Users/ewhitehead1/Desktop/GAD172TemplateGame/DerivedDataCache/Compressed.ddp not found, will not use a pak cache.
[2019.09.09-08.07.12:832][  0]LogDerivedDataCache: Unable to find inner node CompressedPak for hierarchical cache Hierarchy.
[2019.09.09-08.07.12:845][  0]LogDerivedDataCache: Display: Pak cache opened for reading ../../../Engine/DerivedDataCache/Compressed.ddp.
[2019.09.09-08.07.12:845][  0]LogDerivedDataCache: FDerivedDataBackendGraph:  EnterprisePak pak cache file ../../../Enterprise/DerivedDataCache/Compressed.ddp not found, will not use a pak cache.
[2019.09.09-08.07.12:845][  0]LogDerivedDataCache: Unable to find inner node EnterprisePak for hierarchical cache Hierarchy.
[2019.09.09-08.07.12:858][  0]LogDerivedDataCache: Using Local data cache path C:/Users/ewhitehead1/AppData/Local/UnrealEngine/Common/DerivedDataCache: Writable
[2019.09.09-08.07.12:858][  0]LogDerivedDataCache: Shared data cache path not found in *engine.ini, will not use an Shared cache.
[2019.09.09-08.07.12:858][  0]LogDerivedDataCache: Unable to find inner node Shared for hierarchical cache Hierarchy.
[2019.09.09-08.07.12:882][  0]LogMaterial: Verifying Global Shaders for PCD3D_SM5
[2019.09.09-08.07.12:883][  0]LogSlate: Using FreeType 2.6.0
[2019.09.09-08.07.12:883][  0]LogSlate: SlateFontServices - WITH_FREETYPE: 1, WITH_HARFBUZZ: 1
[2019.09.09-08.07.12:976][  0]LogAssetRegistry: FAssetRegistry took 0.0323 seconds to start up
[2019.09.09-08.07.13:351][  0]LogInit: Selected Device Profile: [Windows]
[2019.09.09-08.07.13:419][  0]LogMeshReduction: Using QuadricMeshReduction for automatic static mesh reduction
[2019.09.09-08.07.13:419][  0]LogMeshReduction: Using SimplygonMeshReduction for automatic skeletal mesh reduction
[2019.09.09-08.07.13:419][  0]LogMeshReduction: Using ProxyLODMeshReduction for automatic mesh merging
[2019.09.09-08.07.13:419][  0]LogMeshReduction: No distributed automatic mesh merging module available
[2019.09.09-08.07.13:419][  0]LogMeshMerging: No distributed automatic mesh merging module available
[2019.09.09-08.07.13:513][  0]LogNetVersion: GAD172TemplateGame 1.0.0, NetCL: 5660361, EngineNetVer: 10, GameNetVer: 0 (Checksum: 4155959450)
[2019.09.09-08.07.13:937][  0]LogPackageLocalizationCache: Processed 10 localized package path(s) for 1 prioritized culture(s) in 0.046335 seconds
[2019.09.09-08.07.13:943][  0]LogUObjectArray: 42205 objects as part of root set at end of initial load.
[2019.09.09-08.07.13:943][  0]LogUObjectAllocator: 7325032 out of 0 bytes used by permanent object pool.
[2019.09.09-08.07.13:943][  0]LogUObjectArray: CloseDisregardForGC: 0/0 objects in disregard for GC pool
[2019.09.09-08.07.14:947][  0]LogTcpMessaging: Initializing TcpMessaging bridge
[2019.09.09-08.07.14:972][  0]LogUdpMessaging: Initializing bridge on interface 0.0.0.0:0 to multicast group 230.0.0.1:6666.
[2019.09.09-08.07.15:094][  0]SourceControl: Source control is disabled
[2019.09.09-08.07.15:095][  0]SourceControl: Source control is disabled
[2019.09.09-08.07.15:097][  0]SourceControl: Source control is disabled
[2019.09.09-08.07.15:098][  0]SourceControl: Source control is disabled
[2019.09.09-08.07.15:210][  0]LogAndroidPermission: UAndroidPermissionCallbackProxy::GetInstance
[2019.09.09-08.07.15:388][  0]LogOcInput: OculusInput pre-init called
[2019.09.09-08.07.16:177][  0]LogEngine: Initializing Engine...
[2019.09.09-08.07.16:178][  0]LogHMD: Failed to initialize OpenVR with code 110
[2019.09.09-08.07.16:179][  0]LogStats: UGameplayTagsManager::InitializeManager -  0.000 s
[2019.09.09-08.07.16:392][  0]LogInit: Initializing FReadOnlyCVARCache
[2019.09.09-08.07.16:409][  0]LogAIModule: Creating AISystem for world Untitled
[2019.09.09-08.07.16:465][  0]LogInit: XAudio2 using 'U28E850 (2- NVIDIA High Definition Audio)' : 2 channels at 48 kHz using 16 bits per sample (channel mask 0x3)
[2019.09.09-08.07.16:558][  0]LogInit: FAudioDevice initialized.
[2019.09.09-08.07.16:559][  0]LogNetVersion: Set ProjectVersion to 1.0.0.0. Version Checksum will be recalculated on next use.
[2019.09.09-08.07.16:646][  0]LogDerivedDataCache: Saved boot cache 0.09s 73MB C:/Users/ewhitehead1/AppData/Local/UnrealEngine/4.22/DerivedDataCache/Boot.ddc.
[2019.09.09-08.07.16:658][  0]LogInit: Texture streaming: Enabled
[2019.09.09-08.07.16:680][  0]LogEngineSessionManager: EngineSessionManager initialized
[2019.09.09-08.07.16:710][  0]LogInit: Transaction tracking system initialized
[2019.09.09-08.07.16:740][  0]BlueprintLog: New page: Editor Load
[2019.09.09-08.07.16:843][  0]LocalizationService: Localization service is disabled
[2019.09.09-08.07.17:183][  0]LogFileCache: Scanning file cache for directory 'C:/Users/ewhitehead1/Desktop/GAD172TemplateGame/Content/' took 0.02s
[2019.09.09-08.07.17:183][  0]LogCook: Display: Max memory allowance for cook 16384mb min free memory 0mb
[2019.09.09-08.07.17:183][  0]LogCook: Display: Mobile HDR setting 1
[2019.09.09-08.07.17:414][  0]SourceControl: Source control is disabled
[2019.09.09-08.07.17:414][  0]Cmd: MAP LOAD FILE="../../../../../../Users/ewhitehead1/Desktop/GAD172TemplateGame/Content/StoryAdvTemplate/Maps/Showroom.umap" TEMPLATE=0 SHOWPROGRESS=1 FEATURELEVEL=3
[2019.09.09-08.07.17:414][  0]LightingResults: New page: Lighting Build
[2019.09.09-08.07.17:418][  0]MapCheck: New page: Map Check
[2019.09.09-08.07.17:418][  0]LightingResults: New page: Lighting Build
[2019.09.09-08.07.17:444][  0]LogUObjectHash: Compacting FUObjectHashTables data took   1.72ms
[2019.09.09-08.07.21:357][  0]LogTexture: Display: Building textures: T_Dot (BGRA8, 128X128)
[2019.09.09-08.07.21:357][  0]LogTexture: Display: Building textures: T_Circle (BGRA8, 128X128)
[2019.09.09-08.07.21:357][  0]LogTexture: Display: Building textures: T_DeskLamp_N (BC5, 1024X1024)
[2019.09.09-08.07.21:357][  0]LogTexture: Display: Building textures: T_Anisotrophic_M (DXT1, 1024X1024)
[2019.09.09-08.07.21:357][  0]LogTexture: Display: Building textures: T_FloorLamp_M (DXT1, 2048X2048)
[2019.09.09-08.07.21:357][  0]LogTexture: Display: Building textures: T_Anisotrophic_N (BC5, 1024X1024)
[2019.09.09-08.07.21:357][  0]LogTexture: Display: Building textures: T_FloorLamp_N (BC5, 2048X2048)
[2019.09.09-08.07.21:357][  0]LogTexture: Display: Building textures: T_FloorLamp_AO (DXT1, 2048X2048)
[2019.09.09-08.07.21:357][  0]LogTexture: Display: Building textures: IES_Flashlight (RGBA16F, 256X256)
[2019.09.09-08.07.21:357][  0]LogTexture: Display: Building textures: T_Flashlight_BC (AutoDXT, 512X512)
[2019.09.09-08.07.21:357][  0]LogTexture: Display: Building textures: T_InvIcon_Letter (AutoDXT, 256X256)
[2019.09.09-08.07.21:357][  0]LogTexture: Display: Building textures: T_InvIcon_Mug (AutoDXT, 256X256)
[2019.09.09-08.07.21:357][  0]LogTexture: Display: Building textures: T_Button_SpecialRight (BGRA8, 256X256)
[2019.09.09-08.07.21:357][  0]LogTexture: Display: Building textures: T_Button_B (BGRA8, 256X256)
[2019.09.09-08.07.21:357][  0]LogTexture: Display: Building textures: T_Button_A (BGRA8, 256X256)
[2019.09.09-08.07.21:357][  0]LogTexture: Display: Building textures: T_Button_Y (BGRA8, 256X256)
[2019.09.09-08.07.21:357][  0]LogTexture: Display: Building textures: T_DPad_Right (BGRA8, 256X256)
[2019.09.09-08.07.21:357][  0]LogTexture: Display: Building textures: T_DPad_Left (BGRA8, 256X256)
[2019.09.09-08.07.21:357][  0]LogTexture: Display: Building textures: T_LeftThumbstickAxis (BGRA8, 256X256)
[2019.09.09-08.07.21:357][  0]LogTexture: Display: Building textures: T_RB_Button (BGRA8, 256X256)
[2019.09.09-08.07.21:357][  0]LogTexture: Display: Building textures: T_LB_Button (BGRA8, 256X256)
[2019.09.09-08.07.21:358][  0]LogTexture: Display: Building textures: T_QKey (BGRA8, 256X256)
[2019.09.09-08.07.21:358][  0]LogTexture: Display: Building textures: T_MouseAxis (BGRA8, 256X256)
[2019.09.09-08.07.21:358][  0]LogTexture: Display: Building textures: T_GKey (BGRA8, 256X256)
[2019.09.09-08.07.21:358][  0]LogTexture: Display: Building textures: T_FKey (BGRA8, 256X256)
[2019.09.09-08.07.21:358][  0]LogTexture: Display: Building textures: T_EscapeKey (BGRA8, 256X256)
[2019.09.09-08.07.21:358][  0]LogTexture: Display: Building textures: T_EKey (BGRA8, 256X256)
[2019.09.09-08.07.21:358][  0]LogTexture: Display: Building textures: T_DPad_X (BGRA8, 256X256)
[2019.09.09-08.07.21:358][  0]LogTexture: Display: Building textures: T_DKey (BGRA8, 256X256)
[2019.09.09-08.07.21:358][  0]LogTexture: Display: Building textures: T_BKey (BGRA8, 256X256)
[2019.09.09-08.07.21:358][  0]LogTexture: Display: Building textures: T_AKey (BGRA8, 256X256)
[2019.09.09-08.07.21:358][  0]LogTexture: Display: Building textures: T_InvIcon_Lamp (AutoDXT, 256X256)
[2019.09.09-08.07.21:358][  0]LogTexture: Display: Building textures: T_LetterBlank_BC (AutoDXT, 1024X1024)
[2019.09.09-08.07.21:358][  0]LogTexture: Display: Building textures: T_InvIcon_key (AutoDXT, 256X256)
[2019.09.09-08.07.21:358][  0]LogTexture: Display: Building textures: T_InvIcon_Cube (AutoDXT, 256X256)
[2019.09.09-08.07.21:358][  0]LogTexture: Display: Building textures: T_Letter_BC (AutoDXT, 2048X2048)
[2019.09.09-08.07.21:358][  0]LogTexture: Display: Building textures: DI_ClueSetup2 (BGRA8, 366X304)
[2019.09.09-08.07.21:358][  0]LogTexture: Display: Building textures: DI_ClueSetup (BGRA8, 366X265)
[2019.09.09-08.07.21:358][  0]LogTexture: Display: Building textures: DI_LetterSetup2 (BGRA8, 366X239)
[2019.09.09-08.07.21:358][  0]LogTexture: Display: Building textures: DI_LetterSetup (BGRA8, 366X254)
[2019.09.09-08.07.21:358][  0]LogTexture: Display: Building textures: DI_JournalSetup (BGRA8, 329X389)
[2019.09.09-08.07.21:358][  0]LogTexture: Display: Building textures: DI_Cupboard2 (BGRA8, 413X254)
[2019.09.09-08.07.21:358][  0]LogTexture: Display: Building textures: DI_Drawer2 (BGRA8, 413X381)
[2019.09.09-08.07.21:358][  0]LogTexture: Display: Building textures: DI_Cupboard1 (BGRA8, 413X238)
[2019.09.09-08.07.21:358][  0]LogTexture: Display: Building textures: DI_Drawer1 (BGRA8, 355X286)
[2019.09.09-08.07.21:358][  0]LogTexture: Display: Building textures: DI_Key1 (BGRA8, 358X72)
[2019.09.09-08.07.21:358][  0]LogTexture: Display: Building textures: DI_InventoryKey (BGRA8, 436X411)
[2019.09.09-08.07.21:358][  0]LogTexture: Display: Building textures: DI_DoorSetup (BGRA8, 412X457)
[2019.09.09-08.07.21:358][  0]LogTexture: Display: Building textures: DI_Letter3 (BGRA8, 345X258)
[2019.09.09-08.07.21:358][  0]LogTexture: Display: Building textures: DI_Letter1 (BGRA8, 345X207)
[2019.09.09-08.07.21:358][  0]LogTexture: Display: Building textures: DI_GraphBG (BGRA8, 1173X513)
[2019.09.09-08.07.21:358][  0]LogTexture: Display: Building textures: DI_InspectSetupCollect (AutoDXT, 448X488)
[2019.09.09-08.07.21:358][  0]LogTexture: Display: Building textures: DI_Interaction_Lamp (BGRA8, 1536X633)
[2019.09.09-08.07.21:358][  0]LogTexture: Display: Building textures: DI_InspectSetup (BGRA8, 346X159)
[2019.09.09-08.07.21:358][  0]LogTexture: Display: Building textures: T_Lockpick (AutoDXT, 1024X1024)
[2019.09.09-08.07.21:358][  0]LogTexture: Display: Building textures: T_WIST (AutoDXT, 1080X1080)
[2019.09.09-08.07.21:358][  0]LogTexture: Display: Building textures: T_InstantCamera (AutoDXT, 1024X1024)
[2019.09.09-08.07.21:358][  0]LogTexture: Display: Building textures: HQ_Lightmap0_1 (AutoDXT, 1024X1024)
[2019.09.09-08.07.21:358][  0]LogTexture: Display: Building textures: HQ_Lightmap0_2 (AutoDXT, 512X512)
[2019.09.09-08.07.21:358][  0]LogTexture: Display: Building textures: HQ_Lightmap1_4 (AutoDXT, 64X64)
[2019.09.09-08.07.21:358][  0]LogTexture: Display: Building textures: LQ_Lightmap_0_1 (DXT1, 1024X1024)
[2019.09.09-08.07.21:358][  0]LogTexture: Display: Building textures: LQ_Lightmap_0_2 (DXT1, 512X512)
[2019.09.09-08.07.21:358][  0]LogTexture: Display: Building textures: LQ_Lightmap_1_4 (DXT1, 64X64)
[2019.09.09-08.07.21:358][  0]LogTexture: Display: Building textures: T_Mug_M (AutoDXT, 2048X2048)
[2019.09.09-08.07.21:358][  0]LogTexture: Display: Building textures: T_Mug_N (BC5, 2048X2048)
[2019.09.09-08.07.21:358][  0]LogMaterial: Display: Missing cached shader map for material M_DeskLamp, compiling. 
[2019.09.09-08.07.21:461][  0]LogMaterial: Display: Missing cached shader map for material M_FloorLamp, compiling. 
[2019.09.09-08.07.21:491][  0]LogStaticMesh: Building static mesh SM_Flashlight...
[2019.09.09-08.07.21:517][  0]LogStaticMesh: Built static mesh [0.03s] /Game/StoryAdvTemplate/Mesh/SM_Flashlight.SM_Flashlight
[2019.09.09-08.07.21:522][  0]LogMaterial: Display: Missing cached shader map for material M_Flashlight, compiling. 
[2019.09.09-08.07.21:573][  0]LogStaticMesh: Building static mesh SM_DeskLamp...
[2019.09.09-08.07.21:591][  0]LogStaticMesh: Built static mesh [0.02s] /Game/StoryAdvTemplate/Mesh/SM_DeskLamp.SM_DeskLamp
[2019.09.09-08.07.21:599][  0]LogStaticMesh: Building static mesh SM_Letter...
[2019.09.09-08.07.21:600][  0]LogStaticMesh: Built static mesh [0.00s] /Game/StoryAdvTemplate/Mesh/SM_Letter.SM_Letter
[2019.09.09-08.07.21:605][  0]LogMaterial: Display: Missing cached shader map for material M_Letter_Unlit, compiling. 
[2019.09.09-08.07.21:632][  0]LogStaticMesh: Building static mesh SM_CupboardDoor...
[2019.09.09-08.07.21:633][  0]LogStaticMesh: Built static mesh [0.00s] /Game/StoryAdvTemplate/Mesh/SM_CupboardDoor.SM_CupboardDoor
[2019.09.09-08.07.21:634][  0]LogStaticMesh: Building static mesh SM_Cupboard...
[2019.09.09-08.07.21:638][  0]LogStaticMesh: Built static mesh [0.00s] /Game/StoryAdvTemplate/Mesh/SM_Cupboard.SM_Cupboard
[2019.09.09-08.07.21:660][  0]LogStaticMesh: Building static mesh SM_Mug...
[2019.09.09-08.07.21:678][  0]LogStaticMesh: Built static mesh [0.02s] /Game/StoryAdvTemplate/Mesh/SM_Mug.SM_Mug
[2019.09.09-08.07.21:682][  0]LogMaterial: Display: Missing cached shader map for material M_Key, compiling. 
[2019.09.09-08.07.21:730][  0]LogStaticMesh: Building static mesh SM_Key...
[2019.09.09-08.07.21:759][  0]LogStaticMesh: Built static mesh [0.03s] /Game/StoryAdvTemplate/Mesh/SM_Key.SM_Key
[2019.09.09-08.07.21:765][  0]LogStaticMesh: Building static mesh SM_DoorFrame...
[2019.09.09-08.07.21:769][  0]LogStaticMesh: Built static mesh [0.00s] /Game/StoryAdvTemplate/Mesh/SM_DoorFrame.SM_DoorFrame
[2019.09.09-08.07.21:786][  0]LogStaticMesh: Building static mesh SM_Door...
[2019.09.09-08.07.21:815][  0]LogStaticMesh: Built static mesh [0.03s] /Game/StoryAdvTemplate/Mesh/SM_Door.SM_Door
[2019.09.09-08.07.21:830][  0]LogStaticMesh: Building static mesh SM_Cube...
[2019.09.09-08.07.21:847][  0]LogStaticMesh: Built static mesh [0.02s] /Game/StoryAdvTemplate/Mesh/SM_Cube.SM_Cube
[2019.09.09-08.07.21:853][  0]LogStaticMesh: Building static mesh SM_DresserDrawer...
[2019.09.09-08.07.21:859][  0]LogStaticMesh: Built static mesh [0.01s] /Game/StoryAdvTemplate/Mesh/SM_DresserDrawer.SM_DresserDrawer
[2019.09.09-08.07.21:871][  0]LogStaticMesh: Building static mesh SM_Dresser...
[2019.09.09-08.07.21:907][  0]LogStaticMesh: Built static mesh [0.04s] /Game/StoryAdvTemplate/Mesh/SM_Dresser.SM_Dresser
[2019.09.09-08.07.21:909][  0]LogStaticMesh: Building static mesh SM_SquareLetter...
[2019.09.09-08.07.21:910][  0]LogStaticMesh: Built static mesh [0.00s] /Game/StoryAdvTemplate/Mesh/SM_SquareLetter.SM_SquareLetter
[2019.09.09-08.07.21:941][  0]LogStaticMesh: Building static mesh SM_Button...
[2019.09.09-08.07.21:982][  0]LogStaticMesh: Built static mesh [0.04s] /Game/StoryAdvTemplate/Mesh/SM_Button.SM_Button
[2019.09.09-08.07.21:996][  0]LogMaterial: Display: Missing cached shader map for material M_WhiteBox, compiling. 
[2019.09.09-08.07.22:016][  0]LogMaterial: Display: Missing cached shader map for material M_Letter, compiling. 
[2019.09.09-08.07.22:033][  0]LogMaterial: Display: Missing cached shader map for material M_LetterBlank, compiling. 
[2019.09.09-08.07.22:048][  0]LogMaterial: Display: Missing cached shader map for material M_Mug, compiling. 
[2019.09.09-08.07.22:077][  0]LogAudioDerivedData: Display: Building compressed audio format OGG hash OGG wave S_VO_KeyInMug...
[2019.09.09-08.07.22:114][  0]LogAudioDerivedData: Display: Updated SoundWave->RawPCMDataSize from 0 to 335776 while cooking SoundWave /Game/StoryAdvTemplate/DemoContent/Sound/Waves/S_VO_KeyInMug.S_VO_KeyInMug.
[2019.09.09-08.07.22:117][  0]LogMaterial: Display: Missing cached shader map for material PP_ObjectOutline_Master, compiling. 
[2019.09.09-08.07.22:126][  0]LogMaterial: Display: Missing cached shader map for material DemoImage_Material_Master, compiling. 
[2019.09.09-08.07.22:148][  0]LogMaterial: Display: Missing cached shader map for material M_DemoFlyer_1, compiling. 
[2019.09.09-08.07.22:163][  0]LogMaterial: Display: Missing cached shader map for material M_FloorMaterial, compiling. 
[2019.09.09-08.07.22:189][  0]LogAudioDerivedData: Display: Building compressed audio format OGG hash OGG wave S_CupboardDoorHit_01...
[2019.09.09-08.07.22:208][  0]LogAudioDerivedData: Display: Updated SoundWave->RawPCMDataSize from 0 to 43468 while cooking SoundWave /Game/StoryAdvTemplate/Sound/Waves/S_CupboardDoorHit_01.S_CupboardDoorHit_01.
[2019.09.09-08.07.22:208][  0]LogAudioDerivedData: Display: Building compressed audio format OGG hash OGG wave S_Open_Cupboard_01...
[2019.09.09-08.07.22:234][  0]LogAudioDerivedData: Display: Updated SoundWave->RawPCMDataSize from 0 to 264600 while cooking SoundWave /Game/StoryAdvTemplate/Sound/Waves/S_Open_Cupboard_01.S_Open_Cupboard_01.
[2019.09.09-08.07.22:238][  0]LogAudioDerivedData: Display: Building compressed audio format OGG hash OGG wave S_Creaking_Door_01...
[2019.09.09-08.07.22:254][  0]LogAudioDerivedData: Display: Updated SoundWave->RawPCMDataSize from 0 to 101656 while cooking SoundWave /Game/StoryAdvTemplate/Sound/Waves/S_Creaking_Door_01.S_Creaking_Door_01.
[2019.09.09-08.07.22:257][  0]LogMaterial: Display: Missing cached shader map for material M_UE4Man_Body, compiling. 
[2019.09.09-08.07.22:338][  0]LogSkeletalMesh: Building Skeletal Mesh SK_Mannequin...
[2019.09.09-08.07.22:416][  0]LogSkeletalMesh: Built Skeletal Mesh [0.08s] /Game/StoryAdvTemplate/Mesh/Mannequin/SK_Mannequin.SK_Mannequin
[2019.09.09-08.07.22:419][  0]LogAudioDerivedData: Display: Building compressed audio format OGG hash OGG wave S_Unlock_Door_01...
[2019.09.09-08.07.22:466][  0]LogAudioDerivedData: Display: Updated SoundWave->RawPCMDataSize from 0 to 264272 while cooking SoundWave /Game/StoryAdvTemplate/Sound/Waves/S_Unlock_Door_01.S_Unlock_Door_01.
[2019.09.09-08.07.22:466][  0]LogAudioDerivedData: Display: Building compressed audio format OGG hash OGG wave S_CupboardDoor_01...
[2019.09.09-08.07.22:488][  0]LogAudioDerivedData: Display: Updated SoundWave->RawPCMDataSize from 0 to 64876 while cooking SoundWave /Game/StoryAdvTemplate/Sound/Waves/S_CupboardDoor_01.S_CupboardDoor_01.
[2019.09.09-08.07.22:490][  0]LogAudioDerivedData: Display: Building compressed audio format OGG hash OGG wave S_Close_Door_01...
[2019.09.09-08.07.22:511][  0]LogAudioDerivedData: Display: Updated SoundWave->RawPCMDataSize from 0 to 89488 while cooking SoundWave /Game/StoryAdvTemplate/Sound/Waves/S_Close_Door_01.S_Close_Door_01.
[2019.09.09-08.07.22:511][  0]LogAudioDerivedData: Display: Building compressed audio format OGG hash OGG wave S_LockedDoor_01...
[2019.09.09-08.07.22:545][  0]LogAudioDerivedData: Display: Updated SoundWave->RawPCMDataSize from 0 to 67380 while cooking SoundWave /Game/StoryAdvTemplate/Sound/Waves/S_LockedDoor_01.S_LockedDoor_01.
[2019.09.09-08.07.22:545][  0]LogAudioDerivedData: Display: Building compressed audio format OGG hash OGG wave S_Open_Door_01...
[2019.09.09-08.07.22:567][  0]LogAudioDerivedData: Display: Updated SoundWave->RawPCMDataSize from 0 to 111848 while cooking SoundWave /Game/StoryAdvTemplate/Sound/Waves/S_Open_Door_01.S_Open_Door_01.
[2019.09.09-08.07.22:568][  0]LogAudioDerivedData: Display: Building compressed audio format OGG hash OGG wave S_Open_Drawer_01...
[2019.09.09-08.07.22:600][  0]LogAudioDerivedData: Display: Updated SoundWave->RawPCMDataSize from 0 to 176400 while cooking SoundWave /Game/StoryAdvTemplate/Sound/Waves/S_Open_Drawer_01.S_Open_Drawer_01.
[2019.09.09-08.07.22:601][  0]LogAudioDerivedData: Display: Building compressed audio format OGG hash OGG wave S_Close_Drawer_01...
[2019.09.09-08.07.22:639][  0]LogAudioDerivedData: Display: Updated SoundWave->RawPCMDataSize from 0 to 176400 while cooking SoundWave /Game/StoryAdvTemplate/Sound/Waves/S_Close_Drawer_01.S_Close_Drawer_01.
[2019.09.09-08.07.22:639][  0]LogAnimationCompression: Building Anim DDC data for AnimSequence /Game/StoryAdvTemplate/Animations/ThirdPerson_HoldFlashlight.ThirdPerson_HoldFlashlight
[2019.09.09-08.07.22:640][  0]LogAnimationCompression: Recompressing (AnimSequence /Game/StoryAdvTemplate/Animations/ThirdPerson_HoldFlashlight.ThirdPerson_HoldFlashlight) using current/default (AnimCompress_RemoveLinearKeys_18) bFirstRecompressUsingCurrentOrDefault(1) bTryAlternateCompressor(0) IsCompressedDataValid(0)
[2019.09.09-08.07.22:711][  0]LogAIModule: Creating AISystem for world Showroom
[2019.09.09-08.07.22:834][  0]LogStreaming: Display: ULevelStreaming::RequestLevel(/Game/StoryAdvTemplate/Maps/MenuScene) is flushing async loading
[2019.09.09-08.07.22:834][  0]LogStreaming: Display: Flushing async loaders.
[2019.09.09-08.07.22:884][  0]LogTexture: Display: Building textures: ShadowMapTexture2D_6 (G8, 512X64)
[2019.09.09-08.07.22:884][  0]LogTexture: Display: Building textures: LQ_Lightmap_0_1 (DXT1, 256X256)
[2019.09.09-08.07.22:884][  0]LogTexture: Display: Building textures: HQ_Lightmap0_1 (AutoDXT, 256X256)
[2019.09.09-08.07.22:900][  0]LogEditorServer: Finished looking for orphan Actors (0.000 secs)
[2019.09.09-08.07.22:985][  0]LogUObjectHash: Compacting FUObjectHashTables data took   5.96ms
[2019.09.09-08.07.22:985][  0]Cmd: MAP CHECKDEP NOCLEARLOG
[2019.09.09-08.07.22:985][  0]MapCheck: Map check complete: 0 Error(s), 0 Warning(s), took 0.307ms to complete.
[2019.09.09-08.07.22:985][  0]LogFileHelpers: Loading map 'Showroom' took 5.572
[2019.09.09-08.07.23:128][  0]LogSlate: Updating window title bar state: overlay mode, drag disabled, window buttons hidden, title bar hidden
[2019.09.09-08.07.23:139][  0]LogSlate: Updating window title bar state: overlay mode, drag disabled, window buttons hidden, title bar hidden
[2019.09.09-08.07.23:150][  0]LogSlate: Updating window title bar state: overlay mode, drag disabled, window buttons hidden, title bar hidden
[2019.09.09-08.07.23:162][  0]LogSlate: Updating window title bar state: overlay mode, drag disabled, window buttons hidden, title bar hidden
[2019.09.09-08.07.23:178][  0]LogCollectionManager: Loaded 0 collections in 0.003024 seconds
[2019.09.09-08.07.23:223][  0]LogFileCache: Scanning file cache for directory 'C:/Users/ewhitehead1/Desktop/GAD172TemplateGame/Saved/Collections/' took 0.01s
[2019.09.09-08.07.23:223][  0]LogFileCache: Scanning file cache for directory 'C:/Users/ewhitehead1/Desktop/GAD172TemplateGame/Content/Developers/ewhitehead1/Collections/' took 0.01s
[2019.09.09-08.07.23:223][  0]LogFileCache: Scanning file cache for directory 'C:/Users/ewhitehead1/Desktop/GAD172TemplateGame/Content/Collections/' took 0.01s
[2019.09.09-08.07.23:223][  0]LogCollectionManager: Rebuilt the GUID cache for 0 collections in 0.000000 seconds
[2019.09.09-08.07.23:236][  0]LogContentBrowser: Native class hierarchy populated in 0.0130 seconds. Added 2732 classes and 659 folders.
[2019.09.09-08.07.23:247][  0]LogContentBrowser: Native class hierarchy updated for 'WidgetCarousel' in 0.0004 seconds. Added 0 classes and 0 folders.
[2019.09.09-08.07.23:261][  0]LogPakFile: Registered encryption key '00000000000000000000000000000000': 0 pak files mounted, 0 remain pending
[2019.09.09-08.07.23:269][  0]LogPakFile: Registered encryption key '00000000000000000000000000000000': 0 pak files mounted, 0 remain pending
[2019.09.09-08.07.23:294][  0]LogPakFile: Registered encryption key '00000000000000000000000000000000': 0 pak files mounted, 0 remain pending
[2019.09.09-08.07.23:302][  0]LogPakFile: Registered encryption key '00000000000000000000000000000000': 0 pak files mounted, 0 remain pending
[2019.09.09-08.07.23:311][  0]LogPakFile: Registered encryption key '00000000000000000000000000000000': 0 pak files mounted, 0 remain pending
[2019.09.09-08.07.23:318][  0]LogPakFile: Registered encryption key '00000000000000000000000000000000': 0 pak files mounted, 0 remain pending
[2019.09.09-08.07.23:325][  0]LogPakFile: Registered encryption key '00000000000000000000000000000000': 0 pak files mounted, 0 remain pending
[2019.09.09-08.07.23:332][  0]LogPakFile: Registered encryption key '00000000000000000000000000000000': 0 pak files mounted, 0 remain pending
[2019.09.09-08.07.23:341][  0]LogPakFile: Registered encryption key '00000000000000000000000000000000': 0 pak files mounted, 0 remain pending
[2019.09.09-08.07.23:350][  0]LogPakFile: Registered encryption key '00000000000000000000000000000000': 0 pak files mounted, 0 remain pending
[2019.09.09-08.07.23:358][  0]LogPakFile: Registered encryption key '00000000000000000000000000000000': 0 pak files mounted, 0 remain pending
[2019.09.09-08.07.23:364][  0]LogPakFile: Registered encryption key '00000000000000000000000000000000': 0 pak files mounted, 0 remain pending
[2019.09.09-08.07.23:372][  0]LogPakFile: Registered encryption key '00000000000000000000000000000000': 0 pak files mounted, 0 remain pending
[2019.09.09-08.07.23:380][  0]LogPakFile: Registered encryption key '00000000000000000000000000000000': 0 pak files mounted, 0 remain pending
[2019.09.09-08.07.23:387][  0]LogPakFile: Registered encryption key '00000000000000000000000000000000': 0 pak files mounted, 0 remain pending
[2019.09.09-08.07.23:393][  0]LogPakFile: Registered encryption key '00000000000000000000000000000000': 0 pak files mounted, 0 remain pending
[2019.09.09-08.07.23:435][  0]LogPakFile: Registered encryption key '00000000000000000000000000000000': 0 pak files mounted, 0 remain pending
[2019.09.09-08.07.23:441][  0]LogPakFile: Registered encryption key '00000000000000000000000000000000': 0 pak files mounted, 0 remain pending
[2019.09.09-08.07.23:449][  0]LogPakFile: Registered encryption key '00000000000000000000000000000000': 0 pak files mounted, 0 remain pending
[2019.09.09-08.07.23:456][  0]LogPakFile: Registered encryption key '00000000000000000000000000000000': 0 pak files mounted, 0 remain pending
[2019.09.09-08.07.23:464][  0]LogPakFile: Registered encryption key '00000000000000000000000000000000': 0 pak files mounted, 0 remain pending
[2019.09.09-08.07.23:472][  0]LogPakFile: Registered encryption key '00000000000000000000000000000000': 0 pak files mounted, 0 remain pending
[2019.09.09-08.07.23:479][  0]LogPakFile: Registered encryption key '00000000000000000000000000000000': 0 pak files mounted, 0 remain pending
[2019.09.09-08.07.23:486][  0]LogPakFile: Registered encryption key '00000000000000000000000000000000': 0 pak files mounted, 0 remain pending
[2019.09.09-08.07.23:495][  0]LogPakFile: Registered encryption key '00000000000000000000000000000000': 0 pak files mounted, 0 remain pending
[2019.09.09-08.07.23:503][  0]LogPakFile: Registered encryption key '00000000000000000000000000000000': 0 pak files mounted, 0 remain pending
[2019.09.09-08.07.23:734][  0]LogContentBrowser: Native class hierarchy updated for 'AddContentDialog' in 0.0004 seconds. Added 0 classes and 0 folders.
[2019.09.09-08.07.23:748][  0]LogContentBrowser: Native class hierarchy updated for 'SceneOutliner' in 0.0004 seconds. Added 1 classes and 2 folders.
[2019.09.09-08.07.23:771][  0]LogSlate: Took 0.000216 seconds to synchronously load lazily loaded font '../../../Engine/Content/Slate/Fonts/Roboto-Regular.ttf' (155K)
[2019.09.09-08.07.23:773][  0]LogSlate: Took 0.000215 seconds to synchronously load lazily loaded font '../../../Engine/Content/Slate/Fonts/Roboto-Bold.ttf' (160K)
[2019.09.09-08.07.23:786][  0]LogSlate: Took 0.007261 seconds to synchronously load lazily loaded font '../../../Engine/Content/Editor/Slate/Fonts/FontAwesome.ttf' (139K)
[2019.09.09-08.07.23:919][  0]LogRenderer: Reallocating scene render targets to support 1208x572 Format 10 NumSamples 1 (Frame:1).
[2019.09.09-08.07.24:270][  0]LogSlate: FSceneViewport::OnFocusLost() reason 2
[2019.09.09-08.07.24:295][  0]LogSlate: Window 'Tutorials' being destroyed
[2019.09.09-08.07.24:331][  0]LogContentBrowser: Native class hierarchy updated for 'HierarchicalLODOutliner' in 0.0004 seconds. Added 0 classes and 0 folders.
[2019.09.09-08.07.24:331][  0]LogLoad: (Engine Initialization) Total time: 16.04 seconds
[2019.09.09-08.07.24:331][  0]LogLoad: (Engine Initialization) Total Blueprint compile time: 0.00 seconds
[2019.09.09-08.07.24:391][  0]LogAssetRegistry: Asset discovery search completed in 11.4365 seconds
[2019.09.09-08.07.24:394][  0]LogCollectionManager: Rebuilt the object cache for 0 collections in 0.000001 seconds (found 0 objects)
[2019.09.09-08.07.24:394][  0]LogCollectionManager: Fixed up redirectors for 0 collections in 0.000104 seconds (updated 0 objects)
[2019.09.09-08.07.24:400][  0]LogContentStreaming: Texture pool size now 1000 MB
[2019.09.09-08.07.24:441][  0]LogSlate: Took 0.007013 seconds to synchronously load lazily loaded font '../../../Engine/Content/Slate/Fonts/Roboto-Light.ttf' (167K)
[2019.09.09-08.07.32:509][620]LogSlate: FSceneViewport::OnFocusLost() reason 0
[2019.09.09-08.09.01:315][206]LogSlate: FSceneViewport::OnFocusLost() reason 0
[2019.09.09-08.09.08:616][ 49]LogSlate: FSceneViewport::OnFocusLost() reason 2
